[2026-06-04T23:09:38.172Z] Candidatos encontrados: 0
[2026-06-04T23:26:45.383Z] Candidatos encontrados: 0
[2026-06-04T23:26:45.389Z] Memórias candidatas: 4
[2026-06-06T19:27:27.698Z] === Trimmer TLDR iniciado ===
[2026-06-06T19:27:28.130Z] Candidatos encontrados: 0
[2026-06-06T19:27:28.149Z] Memórias candidatas: 4
[2026-06-06T19:27:28.149Z] === Finalizado ===
[2026-06-06T19:27:28.149Z] Docs: 0 comprimidos, 0 deletados
[2026-06-06T19:27:28.149Z] Memórias: 0 deletadas
[2026-06-07T19:27:27.617Z] === Trimmer TLDR iniciado ===
[2026-06-07T19:27:27.679Z] Candidatos encontrados: 0
[2026-06-07T19:27:27.707Z] Memórias candidatas: 4
[2026-06-07T19:27:27.707Z] === Finalizado ===
[2026-06-07T19:27:27.708Z] Docs: 0 comprimidos, 0 deletados
[2026-06-07T19:27:27.708Z] Memórias: 0 deletadas
[2026-06-09T22:02:05.964Z] === Trimmer TLDR iniciado ===
[2026-06-09T22:02:06.137Z] Candidatos encontrados: 0
[2026-06-09T22:02:06.147Z] Memórias candidatas: 4
[2026-06-09T22:02:06.147Z] === Finalizado ===
[2026-06-09T22:02:06.147Z] Docs: 0 comprimidos, 0 deletados
[2026-06-09T22:02:06.148Z] Memórias: 0 deletadas
